<?xml version="1.0" encoding="UTF-8"?>
<!-- Generated by org.testng.reporters.JUnitReportReporter -->
<testsuite hostname="Vaibhav" failures="0" tests="1" name="practice.CreateOrganizartionTest" time="19.529" errors="0" timestamp="2024-08-15T22:50:41 IST" skipped="0">
  <testcase classname="practice.CreateOrganizartionTest" name="createOrg" time="19.529"/>
  <system-out>
    <![CDATA[==ORGANIZATION IS CREATED AND TC IS PASSED==]]>
  </system-out>
</testsuite> <!-- practice.CreateOrganizartionTest -->
